ERROR [portable_pty::win::psuedocon] CreateProcessW `"pwsh.exe -Command mprocs.yaml\0"` in cwd `Some("C:\\Users\\Manish\\Desktop\\code\\You Tube\\Code With Antonio\\nolium\0")` failed: The system cannot find the file specified. (os error 2)
ERROR [lib::error] Error: channel closed
ERROR [portable_pty::win::psuedocon] CreateProcessW `"pwsh.exe -Command mprocs.yaml\0"` in cwd `Some("C:\\Users\\Manish\\Desktop\\code\\You Tube\\Code With Antonio\\nolium\0")` failed: The system cannot find the file specified. (os error 2)
ERROR [portable_pty::win::psuedocon] CreateProcessW `"pwsh.exe -Command mprocs.yaml\0"` in cwd `Some("C:\\Users\\Manish\\Desktop\\code\\You Tube\\Code With Antonio\\nolium\0")` failed: The system cannot find the file specified. (os error 2)
ERROR [lib::error] Error: channel closed
ERROR [portable_pty::win::psuedocon] CreateProcessW `"\"C:\\Program Files\\nodejs\\npx\" inngest-cli@latest dev\0"` in cwd `Some("C:\\Users\\Manish\\Desktop\\code\\You Tube\\Code With Antonio\\nolium\0")` failed: %1 is not a valid Win32 application. (os error 193)
ERROR [portable_pty::win::psuedocon] CreateProcessW `"\"C:\\Program Files\\nodejs\\npm\" run dev\0"` in cwd `Some("C:\\Users\\Manish\\Desktop\\code\\You Tube\\Code With Antonio\\nolium\0")` failed: %1 is not a valid Win32 application. (os error 193)
ERROR [portable_pty::win::psuedocon] CreateProcessW `"\"C:\\Program Files\\nodejs\\npm\" run dev\0"` in cwd `Some("C:\\Users\\Manish\\Desktop\\code\\You Tube\\Code With Antonio\\nolium\0")` failed: %1 is not a valid Win32 application. (os error 193)
ERROR [portable_pty::win::psuedocon] CreateProcessW `"\"C:\\Program Files\\nodejs\\npm\" run dev\0"` in cwd `Some("C:\\Users\\Manish\\Desktop\\code\\You Tube\\Code With Antonio\\nolium\0")` failed: %1 is not a valid Win32 application. (os error 193)
ERROR [portable_pty::win::psuedocon] CreateProcessW `"\"C:\\Program Files\\nodejs\\npm\" run dev\0"` in cwd `Some("C:\\Users\\Manish\\Desktop\\code\\You Tube\\Code With Antonio\\nolium\0")` failed: %1 is not a valid Win32 application. (os error 193)
ERROR [portable_pty::win::psuedocon] CreateProcessW `"\"C:\\Program Files\\nodejs\\npm\" run dev\0"` in cwd `Some("C:\\Users\\Manish\\Desktop\\code\\You Tube\\Code With Antonio\\nolium\0")` failed: %1 is not a valid Win32 application. (os error 193)
ERROR [portable_pty::win::psuedocon] CreateProcessW `"\"C:\\Program Files\\nodejs\\npm\" run dev\0"` in cwd `Some("C:\\Users\\Manish\\Desktop\\code\\You Tube\\Code With Antonio\\nolium\0")` failed: %1 is not a valid Win32 application. (os error 193)
ERROR [portable_pty::win::psuedocon] CreateProcessW `"\"C:\\Program Files\\nodejs\\npm\" run dev\0"` in cwd `Some("C:\\Users\\Manish\\Desktop\\code\\You Tube\\Code With Antonio\\nolium\0")` failed: %1 is not a valid Win32 application. (os error 193)
ERROR [portable_pty::win::psuedocon] CreateProcessW `"\"C:\\Program Files\\nodejs\\npx\" inngest-cli@latest dev\0"` in cwd `Some("C:\\Users\\Manish\\Desktop\\code\\You Tube\\Code With Antonio\\nolium\0")` failed: %1 is not a valid Win32 application. (os error 193)
ERROR [portable_pty::win::psuedocon] CreateProcessW `"\"C:\\Program Files\\nodejs\\npx\" inngest-cli@latest dev\0"` in cwd `Some("C:\\Users\\Manish\\Desktop\\code\\You Tube\\Code With Antonio\\nolium\0")` failed: %1 is not a valid Win32 application. (os error 193)
ERROR [portable_pty::win::psuedocon] CreateProcessW `"\"C:\\Program Files\\nodejs\\npx\" inngest-cli@latest dev\0"` in cwd `Some("C:\\Users\\Manish\\Desktop\\code\\You Tube\\Code With Antonio\\nolium\0")` failed: %1 is not a valid Win32 application. (os error 193)
ERROR [portable_pty::win::psuedocon] CreateProcessW `"\"C:\\Program Files\\nodejs\\npx\" inngest-cli@latest dev\0"` in cwd `Some("C:\\Users\\Manish\\Desktop\\code\\You Tube\\Code With Antonio\\nolium\0")` failed: %1 is not a valid Win32 application. (os error 193)
ERROR [portable_pty::win::psuedocon] CreateProcessW `"\"C:\\Program Files\\nodejs\\npx\" inngest-cli@latest dev\0"` in cwd `Some("C:\\Users\\Manish\\Desktop\\code\\You Tube\\Code With Antonio\\nolium\0")` failed: %1 is not a valid Win32 application. (os error 193)
ERROR [portable_pty::win::psuedocon] CreateProcessW `"\"C:\\Program Files\\nodejs\\npx\" inngest-cli@latest dev\0"` in cwd `Some("C:\\Users\\Manish\\Desktop\\code\\You Tube\\Code With Antonio\\nolium\0")` failed: %1 is not a valid Win32 application. (os error 193)
ERROR [portable_pty::win::psuedocon] CreateProcessW `"\"C:\\Program Files\\nodejs\\npx\" inngest-cli@latest dev\0"` in cwd `Some("C:\\Users\\Manish\\Desktop\\code\\You Tube\\Code With Antonio\\nolium\0")` failed: %1 is not a valid Win32 application. (os error 193)
ERROR [portable_pty::win::psuedocon] CreateProcessW `"\"C:\\Program Files\\nodejs\\npx\" inngest-cli@latest dev\0"` in cwd `Some("C:\\Users\\Manish\\Desktop\\code\\You Tube\\Code With Antonio\\nolium\0")` failed: %1 is not a valid Win32 application. (os error 193)
ERROR [portable_pty::win::psuedocon] CreateProcessW `"\"C:\\Program Files\\nodejs\\npm\" run dev\0"` in cwd `Some("C:\\Users\\Manish\\Desktop\\code\\You Tube\\Code With Antonio\\nolium\0")` failed: %1 is not a valid Win32 application. (os error 193)
ERROR [portable_pty::win::psuedocon] CreateProcessW `"\"C:\\Program Files\\nodejs\\npm\" run dev\0"` in cwd `Some("C:\\Users\\Manish\\Desktop\\code\\You Tube\\Code With Antonio\\nolium\0")` failed: %1 is not a valid Win32 application. (os error 193)
ERROR [portable_pty::win::psuedocon] CreateProcessW `"\"C:\\Program Files\\nodejs\\npm\" run dev\0"` in cwd `Some("C:\\Users\\Manish\\Desktop\\code\\You Tube\\Code With Antonio\\nolium\0")` failed: %1 is not a valid Win32 application. (os error 193)
ERROR [portable_pty::win::psuedocon] CreateProcessW `"\"C:\\Program Files\\nodejs\\npx\" inngest-cli@latest dev\0"` in cwd `Some("C:\\Users\\Manish\\Desktop\\code\\You Tube\\Code With Antonio\\nolium\0")` failed: %1 is not a valid Win32 application. (os error 193)
ERROR [portable_pty::win::psuedocon] CreateProcessW `"\"C:\\Program Files\\nodejs\\npm\" run dev\0"` in cwd `Some("C:\\Users\\Manish\\Desktop\\code\\You Tube\\Code With Antonio\\nolium\0")` failed: %1 is not a valid Win32 application. (os error 193)
ERROR [portable_pty::win::psuedocon] CreateProcessW `"pwsh.exe -Command \"echo \\\"Neon keep-alive running\\\"\"\0"` in cwd `Some("C:\\Users\\Manish\\Desktop\\code\\You Tube\\Code With Antonio\\nolium\0")` failed: The system cannot find the file specified. (os error 2)
ERROR [portable_pty::win::psuedocon] CreateProcessW `"\"C:\\Program Files\\nodejs\\npm\" run dev\0"` in cwd `Some("C:\\Users\\Manish\\Desktop\\code\\You Tube\\Code With Antonio\\nolium\0")` failed: %1 is not a valid Win32 application. (os error 193)
ERROR [portable_pty::win::psuedocon] CreateProcessW `"pwsh.exe -Command \"echo \\\"Neon keep-alive running\\\"\"\0"` in cwd `Some("C:\\Users\\Manish\\Desktop\\code\\You Tube\\Code With Antonio\\nolium\0")` failed: The system cannot find the file specified. (os error 2)
ERROR [portable_pty::win::psuedocon] CreateProcessW `"\"C:\\Program Files\\nodejs\\npm\" run dev\0"` in cwd `Some("C:\\Users\\Manish\\Desktop\\code\\You Tube\\Code With Antonio\\nolium\0")` failed: %1 is not a valid Win32 application. (os error 193)
ERROR [portable_pty::win::psuedocon] CreateProcessW `"\"C:\\Program Files\\nodejs\\npx\" inngest-cli@latest dev\0"` in cwd `Some("C:\\Users\\Manish\\Desktop\\code\\You Tube\\Code With Antonio\\nolium\0")` failed: %1 is not a valid Win32 application. (os error 193)
ERROR [portable_pty::win::psuedocon] CreateProcessW `"\"C:\\Program Files\\nodejs\\npm\" run dev\0"` in cwd `Some("C:\\Users\\Manish\\Desktop\\code\\You Tube\\Code With Antonio\\nolium\0")` failed: %1 is not a valid Win32 application. (os error 193)
ERROR [portable_pty::win::psuedocon] CreateProcessW `"\"C:\\Program Files\\nodejs\\npm\" run dev\0"` in cwd `Some("C:\\Users\\Manish\\Desktop\\code\\You Tube\\Code With Antonio\\nolium\0")` failed: %1 is not a valid Win32 application. (os error 193)
ERROR [portable_pty::win::psuedocon] CreateProcessW `"\"C:\\Program Files\\nodejs\\npx\" inngest-cli@latest dev\0"` in cwd `Some("C:\\Users\\Manish\\Desktop\\code\\You Tube\\Code With Antonio\\nolium\0")` failed: %1 is not a valid Win32 application. (os error 193)
ERROR [portable_pty::win::psuedocon] CreateProcessW `"\"C:\\Program Files\\nodejs\\npx\" inngest-cli@latest dev\0"` in cwd `Some("C:\\Users\\Manish\\Desktop\\code\\You Tube\\Code With Antonio\\nolium\0")` failed: %1 is not a valid Win32 application. (os error 193)
ERROR [lib::error] Error: channel closed
